<?xml version="1.0" encoding="UTF-8"?>
<!-- Generated by org.testng.reporters.JUnitReportReporter -->
<testsuite hostname="SVL" failures="0" tests="6" name="com.restassure.RestaurantApiTest.RestaurantApiTesting" time="1.998" errors="0" timestamp="2023-06-02T22:34:34 IST" skipped="0">
  <testcase classname="com.restassure.RestaurantApiTest.RestaurantApiTesting" name="RestaurantApiGetTestt" time="1.688"/>
  <system-out/>
  <testcase classname="com.restassure.RestaurantApiTest.RestaurantApiTesting" name="RestaurantApiPostTestt" time="0.073"/>
  <system-out/>
  <testcase classname="com.restassure.RestaurantApiTest.RestaurantApiTesting" name="RestaurantApiPutTestt" time="0.075"/>
  <system-out/>
  <testcase classname="com.restassure.RestaurantApiTest.RestaurantApiTesting" name="RestaurantApiGetTestt1" time="0.065"/>
  <system-out/>
  <testcase classname="com.restassure.RestaurantApiTest.RestaurantApiTesting" name="RestaurantApiDeleteTestt" time="0.053"/>
  <system-out/>
  <testcase classname="com.restassure.RestaurantApiTest.RestaurantApiTesting" name="RestaurantApiGetTestt2" time="0.044"/>
  <system-out/>
</testsuite> <!-- com.restassure.RestaurantApiTest.RestaurantApiTesting -->
